<?xml version="1.0" encoding="UTF-8"?>
<robot generator="Robot 4.1.3 (Python 3.10.2 on win32)" generated="20220205 07:27:22.661" rpa="false" schemaversion="2">
<suite id="s1" name="G002" source="D:\Users\Alejandro Calvo\Desktop\PJIC\AMBIENTE PRUEBAS\TrabajoGarantizar\G002.robot">
<test id="s1-t1" name="G002 Modulo de compra en OLX">
<kw name="Open Browser" library="Selenium2Library">
<arg>${URL}</arg>
<arg>${Navegador}</arg>
<doc>Opens a new browser instance to the optional ``url``.</doc>
<msg timestamp="20220205 07:27:23.018" level="INFO">Opening browser 'chrome' to base url 'https://www.olx.com.co/'.</msg>
<status status="PASS" starttime="20220205 07:27:23.017" endtime="20220205 07:27:30.265"/>
</kw>
<kw name="Maximize Browser Window" library="Selenium2Library">
<doc>Maximizes current browser window.</doc>
<status status="PASS" starttime="20220205 07:27:30.266" endtime="20220205 07:27:30.451"/>
</kw>
<kw name="Sleep" library="BuiltIn">
<arg>5s</arg>
<doc>Pauses the test executed for the given time.</doc>
<msg timestamp="20220205 07:27:35.464" level="INFO">Slept 5 seconds</msg>
<status status="PASS" starttime="20220205 07:27:30.451" endtime="20220205 07:27:35.464"/>
</kw>
<kw name="Click Element" library="Selenium2Library">
<arg>xpath=/html/body/div/div/header/div/div/div[3]/a</arg>
<doc>Click the element identified by ``locator``.</doc>
<msg timestamp="20220205 07:27:35.465" level="INFO">Clicking element 'xpath=/html/body/div/div/header/div/div/div[3]/a'.</msg>
<status status="PASS" starttime="20220205 07:27:35.464" endtime="20220205 07:27:35.628"/>
</kw>
<kw name="Sleep" library="BuiltIn">
<arg>5s</arg>
<doc>Pauses the test executed for the given time.</doc>
<msg timestamp="20220205 07:27:40.629" level="INFO">Slept 5 seconds</msg>
<status status="PASS" starttime="20220205 07:27:35.628" endtime="20220205 07:27:40.629"/>
</kw>
<kw name="Click Element" library="Selenium2Library">
<arg>xpath=/html/body/div[3]/div/div/div/button[2]</arg>
<doc>Click the element identified by ``locator``.</doc>
<msg timestamp="20220205 07:27:40.631" level="INFO">Clicking element 'xpath=/html/body/div[3]/div/div/div/button[2]'.</msg>
<status status="PASS" starttime="20220205 07:27:40.630" endtime="20220205 07:27:40.787"/>
</kw>
<kw name="Sleep" library="BuiltIn">
<arg>3s</arg>
<doc>Pauses the test executed for the given time.</doc>
<msg timestamp="20220205 07:27:43.800" level="INFO">Slept 3 seconds</msg>
<status status="PASS" starttime="20220205 07:27:40.787" endtime="20220205 07:27:43.800"/>
</kw>
<kw name="Input Text" library="Selenium2Library">
<arg>xpath=/html/body/div[3]/div/div/form/div/div[2]/div/div/div[1]/div/div/input</arg>
<arg>${userR}</arg>
<doc>Types the given ``text`` into the text field identified by ``locator``.</doc>
<msg timestamp="20220205 07:27:43.802" level="INFO">Typing text 'offztinger@gmail.com' into text field 'xpath=/html/body/div[3]/div/div/form/div/div[2]/div/div/div[1]/div/div/input'.</msg>
<status status="PASS" starttime="20220205 07:27:43.801" endtime="20220205 07:27:44.032"/>
</kw>
<kw name="Sleep" library="BuiltIn">
<arg>3s</arg>
<doc>Pauses the test executed for the given time.</doc>
<msg timestamp="20220205 07:27:47.040" level="INFO">Slept 3 seconds</msg>
<status status="PASS" starttime="20220205 07:27:44.032" endtime="20220205 07:27:47.041"/>
</kw>
<kw name="Click Element" library="Selenium2Library">
<arg>xpath=/html/body/div[3]/div/div/form/div/button</arg>
<doc>Click the element identified by ``locator``.</doc>
<msg timestamp="20220205 07:27:47.044" level="INFO">Clicking element 'xpath=/html/body/div[3]/div/div/form/div/button'.</msg>
<status status="PASS" starttime="20220205 07:27:47.043" endtime="20220205 07:27:47.116"/>
</kw>
<kw name="Sleep" library="BuiltIn">
<arg>5s</arg>
<doc>Pauses the test executed for the given time.</doc>
<msg timestamp="20220205 07:27:52.118" level="INFO">Slept 5 seconds</msg>
<status status="PASS" starttime="20220205 07:27:47.117" endtime="20220205 07:27:52.118"/>
</kw>
<kw name="Input Text" library="Selenium2Library">
<arg>name:password</arg>
<arg>${passR}</arg>
<doc>Types the given ``text`` into the text field identified by ``locator``.</doc>
<msg timestamp="20220205 07:27:52.119" level="INFO">Typing text 'GarantizarOLX6.' into text field 'name:password'.</msg>
<status status="PASS" starttime="20220205 07:27:52.118" endtime="20220205 07:27:52.304"/>
</kw>
<kw name="Sleep" library="BuiltIn">
<arg>3s</arg>
<doc>Pauses the test executed for the given time.</doc>
<msg timestamp="20220205 07:27:55.313" level="INFO">Slept 3 seconds</msg>
<status status="PASS" starttime="20220205 07:27:52.305" endtime="20220205 07:27:55.313"/>
</kw>
<kw name="Click Element" library="Selenium2Library">
<arg>xpath=/html/body/div[3]/div/div/form/div/button</arg>
<doc>Click the element identified by ``locator``.</doc>
<msg timestamp="20220205 07:27:55.315" level="INFO">Clicking element 'xpath=/html/body/div[3]/div/div/form/div/button'.</msg>
<status status="PASS" starttime="20220205 07:27:55.314" endtime="20220205 07:27:55.432"/>
</kw>
<kw name="Sleep" library="BuiltIn">
<arg>5s</arg>
<doc>Pauses the test executed for the given time.</doc>
<msg timestamp="20220205 07:28:00.450" level="INFO">Slept 5 seconds</msg>
<status status="PASS" starttime="20220205 07:27:55.433" endtime="20220205 07:28:00.450"/>
</kw>
<kw name="Click Element" library="Selenium2Library">
<arg>xpath=/html/body/div[4]/div[2]/div[3]/button[1]</arg>
<doc>Click the element identified by ``locator``.</doc>
<msg timestamp="20220205 07:28:00.454" level="INFO">Clicking element 'xpath=/html/body/div[4]/div[2]/div[3]/button[1]'.</msg>
<status status="PASS" starttime="20220205 07:28:00.453" endtime="20220205 07:28:00.533"/>
</kw>
<kw name="Sleep" library="BuiltIn">
<arg>3s</arg>
<doc>Pauses the test executed for the given time.</doc>
<msg timestamp="20220205 07:28:03.546" level="INFO">Slept 3 seconds</msg>
<status status="PASS" starttime="20220205 07:28:00.534" endtime="20220205 07:28:03.546"/>
</kw>
<kw name="Click Element" library="Selenium2Library">
<arg>xpath=/html/body/div[1]/div/header/div/nav/span</arg>
<doc>Click the element identified by ``locator``.</doc>
<msg timestamp="20220205 07:28:03.548" level="INFO">Clicking element 'xpath=/html/body/div[1]/div/header/div/nav/span'.</msg>
<status status="PASS" starttime="20220205 07:28:03.547" endtime="20220205 07:28:03.894"/>
</kw>
<kw name="Sleep" library="BuiltIn">
<arg>5s</arg>
<doc>Pauses the test executed for the given time.</doc>
<msg timestamp="20220205 07:28:08.905" level="INFO">Slept 5 seconds</msg>
<status status="PASS" starttime="20220205 07:28:03.895" endtime="20220205 07:28:08.905"/>
</kw>
<kw name="Click Element" library="Selenium2Library">
<arg>xpath=/html/body/div[1]/div/main/div/section/div[2]/div[3]/div[2]/div[2]/ul/li[1]</arg>
<doc>Click the element identified by ``locator``.</doc>
<msg timestamp="20220205 07:28:08.908" level="INFO">Clicking element 'xpath=/html/body/div[1]/div/main/div/section/div[2]/div[3]/div[2]/div[2]/ul/li[1]'.</msg>
<status status="PASS" starttime="20220205 07:28:08.906" endtime="20220205 07:28:09.048"/>
</kw>
<kw name="Sleep" library="BuiltIn">
<arg>5s</arg>
<doc>Pauses the test executed for the given time.</doc>
<msg timestamp="20220205 07:28:14.057" level="INFO">Slept 5 seconds</msg>
<status status="PASS" starttime="20220205 07:28:09.049" endtime="20220205 07:28:14.057"/>
</kw>
<kw name="Click Element" library="Selenium2Library">
<arg>xpath=/html/body/div[1]/div/main/div/div/div/div[5]/div[2]/div/div/button</arg>
<doc>Click the element identified by ``locator``.</doc>
<msg timestamp="20220205 07:28:14.059" level="INFO">Clicking element 'xpath=/html/body/div[1]/div/main/div/div/div/div[5]/div[2]/div/div/button'.</msg>
<status status="PASS" starttime="20220205 07:28:14.058" endtime="20220205 07:28:14.191"/>
</kw>
<kw name="Close Browser" library="Selenium2Library">
<doc>Closes the current browser.</doc>
<status status="PASS" starttime="20220205 07:28:14.192" endtime="20220205 07:28:16.577"/>
</kw>
<status status="PASS" starttime="20220205 07:27:23.017" endtime="20220205 07:28:16.579"/>
</test>
<status status="PASS" starttime="20220205 07:27:22.663" endtime="20220205 07:28:16.582"/>
</suite>
<statistics>
<total>
<stat pass="1" fail="0" skip="0">All Tests</stat>
</total>
<tag>
</tag>
<suite>
<stat pass="1" fail="0" skip="0" id="s1" name="G002">G002</stat>
</suite>
</statistics>
<errors>
</errors>
</robot>
